<?xml version="1.0" encoding="UTF-8"?>
<!-- Generated by org.testng.reporters.JUnitReportReporter -->
<testsuite hostname="DESKTOP-T2I88J5" failures="0" tests="6" name="RestAssuredWadiaaAPI_BDD_Approch.register_user" time="4.960" errors="0" timestamp="2024-09-13T18:17:18 IST" skipped="0">
  <testcase classname="RestAssuredWadiaaAPI_BDD_Approch.register_user" name="checkFirstNameWithNumbers" time="0.980"/>
  <system-out/>
  <testcase classname="RestAssuredWadiaaAPI_BDD_Approch.register_user" name="checkLastnameWithNumber" time="0.031"/>
  <system-out/>
  <testcase classname="RestAssuredWadiaaAPI_BDD_Approch.register_user" name="checkPhoneValidation" time="0.022"/>
  <system-out/>
  <testcase classname="RestAssuredWadiaaAPI_BDD_Approch.register_user" name="checkEmailValidation" time="0.021"/>
  <system-out/>
  <testcase classname="RestAssuredWadiaaAPI_BDD_Approch.register_user" name="checkAccountTypeValidation" time="0.019"/>
  <system-out/>
  <testcase classname="RestAssuredWadiaaAPI_BDD_Approch.register_user" name="PostData" time="3.887"/>
  <system-out/>
</testsuite> <!-- RestAssuredWadiaaAPI_BDD_Approch.register_user -->
