<?xml version="1.0" encoding="UTF-8"?>
<!-- Generated by org.testng.reporters.JUnitReportReporter -->
<testsuite hostname="DESKTOP-T2I88J5" failures="0" tests="5" name="RestAssuredWadiaaAPI_BDD_Approch.register_admin" time="1.411" errors="0" timestamp="2024-09-16T12:29:01 IST" skipped="0">
  <testcase classname="RestAssuredWadiaaAPI_BDD_Approch.register_admin" name="checkFirstNameWithNumbers" time="1.288"/>
  <system-out/>
  <testcase classname="RestAssuredWadiaaAPI_BDD_Approch.register_admin" name="checkLastnameWithNumber" time="0.037"/>
  <system-out/>
  <testcase classname="RestAssuredWadiaaAPI_BDD_Approch.register_admin" name="checkPhoneValidation" time="0.032"/>
  <system-out/>
  <testcase classname="RestAssuredWadiaaAPI_BDD_Approch.register_admin" name="checkEmailValidation" time="0.032"/>
  <system-out/>
  <testcase classname="RestAssuredWadiaaAPI_BDD_Approch.register_admin" name="checkPasswordValidation" time="0.022"/>
  <system-out/>
</testsuite> <!-- RestAssuredWadiaaAPI_BDD_Approch.register_admin -->
